Started GET "/" for 127.0.0.1 at 2017-12-02 18:02:19 +0530

ActiveRecord::PendingMigrationError - Migrations are pending. To resolve this issue, run:

        bin/rails db:migrate RAILS_ENV=development

:

Started POST "/__better_errors/56d1bfd0b562a740/variables" for 127.0.0.1 at 2017-12-02 18:02:21 +0530
  [1m[35m (3.3ms)[0m  [1m[35mCREATE TABLE "schema_migrations" ("version" varchar NOT NULL PRIMARY KEY)[0m
  [1m[35m (1.2ms)[0m  [1m[35mCREATE TABLE "ar_internal_metadata" ("key" varchar NOT NULL PRIMARY KEY, "value" varchar, "created_at" datetime NOT NULL, "updated_at" datetime NOT NULL)[0m
  [1m[36mActiveRecord::SchemaMigration Load (0.1ms)[0m  [1m[34mSELECT "schema_migrations".* FROM "schema_migrations"[0m
Migrating to DeviseCreateUsers (20140228010614)
  [1m[35m (0.0ms)[0m  [1m[36mbegin transaction[0m
DEPRECATION WARNING: Directly inheriting from ActiveRecord::Migration is deprecated. Please specify the Rails release the migration was written for:

  class DeviseCreateUsers < ActiveRecord::Migration[4.2] (called from load at /Users/admin/.rvm/gems/ruby-2.3.1@remotedesk/bin/rake:23)
  [1m[35m (0.3ms)[0m  [1m[35mCREATE TABLE "users" ("id" INTEGER PRIMARY KEY AUTOINCREMENT NOT NULL, "email" varchar DEFAULT '' NOT NULL, "encrypted_password" varchar DEFAULT '' NOT NULL, "reset_password_token" varchar, "reset_password_sent_at" datetime, "remember_created_at" datetime, "sign_in_count" integer DEFAULT 0 NOT NULL, "current_sign_in_at" datetime, "last_sign_in_at" datetime, "current_sign_in_ip" varchar, "last_sign_in_ip" varchar, "created_at" datetime, "updated_at" datetime)[0m
  [1m[35m (0.0ms)[0m  [1m[34mselect sqlite_version(*)[0m
  [1m[35m (0.1ms)[0m  [1m[35mCREATE UNIQUE INDEX "index_users_on_email" ON "users" ("email")[0m
  [1m[35m (0.0ms)[0m  [1m[34m            SELECT sql
            FROM sqlite_master
            WHERE name='index_users_on_email' AND type='index'
            UNION ALL
            SELECT sql
            FROM sqlite_temp_master
            WHERE name='index_users_on_email' AND type='index'
[0m
  [1m[35m (0.1ms)[0m  [1m[35mCREATE UNIQUE INDEX "index_users_on_reset_password_token" ON "users" ("reset_password_token")[0m
  [1m[35mSQL (0.2ms)[0m  [1m[32mINSERT INTO "schema_migrations" ("version") VALUES (?)[0m  [["version", "20140228010614"]]
  [1m[35m (0.8ms)[0m  [1m[36mcommit transaction[0m
Migrating to AddNameToUsers (20140228010616)
  [1m[35m (0.0ms)[0m  [1m[36mbegin transaction[0m
DEPRECATION WARNING: Directly inheriting from ActiveRecord::Migration is deprecated. Please specify the Rails release the migration was written for:

  class AddNameToUsers < ActiveRecord::Migration[4.2] (called from load at /Users/admin/.rvm/gems/ruby-2.3.1@remotedesk/bin/rake:23)
  [1m[35m (0.3ms)[0m  [1m[35mALTER TABLE "users" ADD "name" varchar[0m
  [1m[35mSQL (0.1ms)[0m  [1m[32mINSERT INTO "schema_migrations" ("version") VALUES (?)[0m  [["version", "20140228010616"]]
  [1m[35m (0.6ms)[0m  [1m[36mcommit transaction[0m
Migrating to AddRoleToUsers (20140228010617)
  [1m[35m (0.1ms)[0m  [1m[36mbegin transaction[0m
DEPRECATION WARNING: Directly inheriting from ActiveRecord::Migration is deprecated. Please specify the Rails release the migration was written for:

  class AddRoleToUsers < ActiveRecord::Migration[4.2] (called from load at /Users/admin/.rvm/gems/ruby-2.3.1@remotedesk/bin/rake:23)
  [1m[35m (0.3ms)[0m  [1m[35mALTER TABLE "users" ADD "role" integer[0m
  [1m[35mSQL (0.1ms)[0m  [1m[32mINSERT INTO "schema_migrations" ("version") VALUES (?)[0m  [["version", "20140228010617"]]
  [1m[35m (0.7ms)[0m  [1m[36mcommit transaction[0m
  [1m[36mActiveRecord::InternalMetadata Load (0.1ms)[0m  [1m[34mSELECT  "ar_internal_metadata".* FROM "ar_internal_metadata" WHERE "ar_internal_metadata"."key" = ? LIMIT ?[0m  [["key", "environment"], ["LIMIT", 1]]
  [1m[35m (0.0ms)[0m  [1m[36mbegin transaction[0m
  [1m[35mSQL (0.3ms)[0m  [1m[32mINSERT INTO "ar_internal_metadata" ("key", "value", "created_at", "updated_at") VALUES (?, ?, ?, ?)[0m  [["key", "environment"], ["value", "development"], ["created_at", "2017-12-02 12:35:50.209028"], ["updated_at", "2017-12-02 12:35:50.209028"]]
  [1m[35m (0.9ms)[0m  [1m[36mcommit transaction[0m
  [1m[36mActiveRecord::SchemaMigration Load (0.1ms)[0m  [1m[34mSELECT "schema_migrations".* FROM "schema_migrations"[0m
  [1m[35m (0.1ms)[0m  [1m[34m            SELECT sql
            FROM sqlite_master
            WHERE name='index_users_on_reset_password_token' AND type='index'
            UNION ALL
            SELECT sql
            FROM sqlite_temp_master
            WHERE name='index_users_on_reset_password_token' AND type='index'
[0m
  [1m[35m (0.1ms)[0m  [1m[34m            SELECT sql
            FROM sqlite_master
            WHERE name='index_users_on_email' AND type='index'
            UNION ALL
            SELECT sql
            FROM sqlite_temp_master
            WHERE name='index_users_on_email' AND type='index'
[0m
Started GET "/" for 127.0.0.1 at 2017-12-02 18:06:05 +0530
  [1m[36mActiveRecord::SchemaMigration Load (0.1ms)[0m  [1m[34mSELECT "schema_migrations".* FROM "schema_migrations"[0m
Processing by VisitorsController#index as HTML
  Rendering visitors/index.html.erb within layouts/application
  [1m[35m (0.1ms)[0m  [1m[34mSELECT COUNT(*) FROM "users"[0m
  Rendered visitors/index.html.erb within layouts/application (7.0ms)
  Rendered layouts/_navigation_links.html.erb (0.4ms)
  Rendered layouts/_nav_links_for_auth.html.erb (3.9ms)
  Rendered layouts/_navigation.html.erb (7.6ms)
  Rendered layouts/_messages.html.erb (0.4ms)
Completed 200 OK in 4392ms (Views: 4373.9ms | ActiveRecord: 0.3ms)


Started GET "/" for 127.0.0.1 at 2017-12-02 18:06:10 +0530
Processing by VisitorsController#index as HTML
  Rendering visitors/index.html.erb within layouts/application
  [1m[35m (0.1ms)[0m  [1m[34mSELECT COUNT(*) FROM "users"[0m
  Rendered visitors/index.html.erb within layouts/application (1.1ms)
  Rendered layouts/_navigation_links.html.erb (0.9ms)
  Rendered layouts/_nav_links_for_auth.html.erb (1.6ms)
  Rendered layouts/_navigation.html.erb (6.7ms)
  Rendered layouts/_messages.html.erb (1.0ms)
Completed 200 OK in 82ms (Views: 80.2ms | ActiveRecord: 0.1ms)


Started GET "/" for 127.0.0.1 at 2017-12-02 18:06:14 +0530
Processing by VisitorsController#index as HTML
  Rendering visitors/index.html.erb within layouts/application
  [1m[35m (0.2ms)[0m  [1m[34mSELECT COUNT(*) FROM "users"[0m
  Rendered visitors/index.html.erb within layouts/application (1.3ms)
  Rendered layouts/_navigation_links.html.erb (0.5ms)
  Rendered layouts/_nav_links_for_auth.html.erb (1.1ms)
  Rendered layouts/_navigation.html.erb (4.6ms)
  Rendered layouts/_messages.html.erb (0.6ms)
Completed 200 OK in 60ms (Views: 58.0ms | ActiveRecord: 0.2ms)


Started GET "/pages/about" for 127.0.0.1 at 2017-12-02 18:06:15 +0530
Processing by HighVoltage::PagesController#show as HTML
  Parameters: {"id"=>"about"}
  Rendering pages/about.html.erb within layouts/application
  Rendered pages/about.html.erb within layouts/application (0.7ms)
  Rendered layouts/_navigation_links.html.erb (0.6ms)
  Rendered layouts/_nav_links_for_auth.html.erb (1.0ms)
  Rendered layouts/_navigation.html.erb (5.5ms)
  Rendered layouts/_messages.html.erb (0.5ms)
Completed 200 OK in 60ms (Views: 59.4ms | ActiveRecord: 0.0ms)


Started GET "/" for 127.0.0.1 at 2017-12-02 18:06:45 +0530
Processing by VisitorsController#index as HTML
  Rendering visitors/index.html.erb within layouts/application
  [1m[35m (0.2ms)[0m  [1m[34mSELECT COUNT(*) FROM "users"[0m
  Rendered visitors/index.html.erb within layouts/application (1.2ms)
  Rendered layouts/_navigation_links.html.erb (0.4ms)
  Rendered layouts/_nav_links_for_auth.html.erb (1.0ms)
  Rendered layouts/_navigation.html.erb (4.3ms)
  Rendered layouts/_messages.html.erb (0.4ms)
Completed 200 OK in 52ms (Views: 50.1ms | ActiveRecord: 0.2ms)


Started GET "/" for 127.0.0.1 at 2017-12-02 18:06:56 +0530
Processing by VisitorsController#index as HTML
  Rendering visitors/index.html.erb within layouts/application
  [1m[35m (0.1ms)[0m  [1m[34mSELECT COUNT(*) FROM "users"[0m
  Rendered visitors/index.html.erb within layouts/application (1.4ms)
  Rendered layouts/_navigation_links.html.erb (0.5ms)
  Rendered layouts/_nav_links_for_auth.html.erb (0.8ms)
  Rendered layouts/_navigation.html.erb (4.2ms)
  Rendered layouts/_messages.html.erb (0.4ms)
Completed 200 OK in 63ms (Views: 60.9ms | ActiveRecord: 0.1ms)


Started GET "/pages/about" for 127.0.0.1 at 2017-12-02 18:06:58 +0530
Processing by HighVoltage::PagesController#show as HTML
  Parameters: {"id"=>"about"}
  Rendering pages/about.html.erb within layouts/application
  Rendered pages/about.html.erb within layouts/application (0.5ms)
  Rendered layouts/_navigation_links.html.erb (0.5ms)
  Rendered layouts/_nav_links_for_auth.html.erb (0.8ms)
  Rendered layouts/_navigation.html.erb (4.5ms)
  Rendered layouts/_messages.html.erb (0.4ms)
Completed 200 OK in 68ms (Views: 67.3ms | ActiveRecord: 0.0ms)


Started GET "/pages/about" for 127.0.0.1 at 2017-12-02 18:09:08 +0530
Processing by HighVoltage::PagesController#show as HTML
  Parameters: {"id"=>"about"}
  Rendering pages/about.html.erb within layouts/application
  Rendered pages/about.html.erb within layouts/application (0.6ms)
  Rendered layouts/_navigation_links.html.erb (0.4ms)
  Rendered layouts/_nav_links_for_auth.html.erb (0.8ms)
  Rendered layouts/_navigation.html.erb (4.2ms)
  Rendered layouts/_messages.html.erb (0.6ms)
Completed 200 OK in 48ms (Views: 47.3ms | ActiveRecord: 0.0ms)


Started GET "/pages/about" for 127.0.0.1 at 2017-12-02 18:09:11 +0530
Processing by HighVoltage::PagesController#show as HTML
  Parameters: {"id"=>"about"}
  Rendering pages/about.html.erb within layouts/application
  Rendered pages/about.html.erb within layouts/application (0.8ms)
  Rendered layouts/_navigation_links.html.erb (0.4ms)
  Rendered layouts/_nav_links_for_auth.html.erb (0.7ms)
  Rendered layouts/_navigation.html.erb (4.0ms)
  Rendered layouts/_messages.html.erb (0.4ms)
Completed 200 OK in 47ms (Views: 46.3ms | ActiveRecord: 0.0ms)


Started GET "/pages/about" for 127.0.0.1 at 2017-12-02 18:09:19 +0530
Processing by HighVoltage::PagesController#show as HTML
  Parameters: {"id"=>"about"}
  Rendering pages/about.html.erb within layouts/application
  Rendered pages/about.html.erb within layouts/application (0.6ms)
  Rendered layouts/_navigation_links.html.erb (0.4ms)
  Rendered layouts/_nav_links_for_auth.html.erb (1.2ms)
  Rendered layouts/_navigation.html.erb (5.3ms)
  Rendered layouts/_messages.html.erb (0.5ms)
Completed 200 OK in 50ms (Views: 49.8ms | ActiveRecord: 0.0ms)


Started POST "/upload_image" for 127.0.0.1 at 2017-12-02 18:09:23 +0530
Processing by VisitorsController#upload_image as HTML
  Parameters: {"file"=>"undefined"}
Completed 500 Internal Server Error in 4ms (ActiveRecord: 0.0ms)



ArgumentError - missing required option :name:
  app/models/s3_uploader.rb:16:in `get_object_by_bucket_name'
  app/models/s3_uploader.rb:24:in `upload_image_and_get_url'
  app/controllers/visitors_controller.rb:17:in `get_s3_image_url'
  app/controllers/visitors_controller.rb:7:in `upload_image'

Started POST "/upload_image" for 127.0.0.1 at 2017-12-02 18:09:29 +0530
Processing by VisitorsController#upload_image as HTML
  Parameters: {"file"=>"undefined"}
Completed 500 Internal Server Error in 2ms (ActiveRecord: 0.0ms)



ArgumentError - missing required option :name:
  app/models/s3_uploader.rb:16:in `get_object_by_bucket_name'
  app/models/s3_uploader.rb:24:in `upload_image_and_get_url'
  app/controllers/visitors_controller.rb:17:in `get_s3_image_url'
  app/controllers/visitors_controller.rb:7:in `upload_image'

